[01:17:47] [ServerMain/INFO]: [bootstrap] Running Java 21 (OpenJDK 64-Bit Server VM 21.0.9+10-Ubuntu-124.04; Ubuntu null) on Linux 6.8.0-1030-azure (amd64)
[01:17:47] [ServerMain/INFO]: [bootstrap] Loading Paper 1.21.11-39-main@e5e2c50 (2025-12-12T22:00:30Z) for Minecraft 1.21.11
[01:17:47] [ServerMain/INFO]: [PluginInitializerManager] Initializing plugins...
[01:17:48] [ServerMain/INFO]: [PluginInitializerManager] Initialized 3 plugins
[01:17:48] [ServerMain/INFO]: [PluginInitializerManager] Bukkit plugins (3):
 - Essentials (2.22.0-dev+48-b0ef568), EssentialsSpawn (2.21.2), LuckPerms (5.5.21)
[01:17:52] [ServerMain/INFO]: Environment: Environment[sessionHost=https://sessionserver.mojang.com, servicesHost=https://api.minecraftservices.com, profilesHost=https://api.mojang.com, name=PROD]
[01:17:54] [ServerMain/INFO]: Loaded 1470 recipes
[01:17:54] [ServerMain/INFO]: Loaded 1584 advancements
[01:17:54] [ServerMain/INFO]: [ca.spottedleaf.dataconverter.minecraft.datatypes.MCTypeRegistry] Initialising converters for DataConverter...
[01:17:55] [ServerMain/INFO]: [ca.spottedleaf.dataconverter.minecraft.datatypes.MCTypeRegistry] Finished initialising converters for DataConverter in 389.3ms
[01:17:55] [Server thread/INFO]: Starting minecraft server version 1.21.11
[01:17:55] [Server thread/INFO]: Loading properties
[01:17:55] [Server thread/INFO]: This server is running Paper version 1.21.11-39-main@e5e2c50 (2025-12-12T22:00:30Z) (Implementing API version 1.21.11-R0.1-SNAPSHOT)
[01:17:55] [Server thread/INFO]: [spark] This server bundles the spark profiler. For more information please visit https://docs.papermc.io/paper/profiling
[01:17:55] [Server thread/INFO]: Server Ping Player Sample Count: 12
[01:17:55] [Server thread/INFO]: Using 4 threads for Netty based IO
[01:17:55] [Server thread/INFO]: [MoonriseCommon] Paper is using 1 worker threads, 1 I/O threads
[01:17:56] [Server thread/INFO]: Default game type: SURVIVAL
[01:17:56] [Server thread/INFO]: Generating keypair
[01:17:56] [Server thread/INFO]: Starting Minecraft server on *:25565
[01:17:56] [Server thread/INFO]: Paper: Using libdeflate (Linux x86_64) compression from Velocity.
[01:17:56] [Server thread/INFO]: Paper: Using OpenSSL 3.x.x (Linux x86_64) cipher from Velocity.
[01:17:56] [Server thread/INFO]: [LuckPerms] Loading server plugin LuckPerms v5.5.21
[01:17:56] [Server thread/INFO]: [LuckPerms] Loading configuration...
[01:17:56] [Server thread/INFO]: [Essentials] Loading server plugin Essentials v2.22.0-dev+48-b0ef568
[01:17:56] [Server thread/INFO]: [EssentialsSpawn] Loading server plugin EssentialsSpawn v2.21.2
[01:17:56] [Server thread/INFO]: Server permissions file permissions.yml is empty, ignoring it
[01:17:56] [Server thread/INFO]: [LuckPerms] Enabling LuckPerms v5.5.21
[01:17:57] [Server thread/INFO]:         __    
[01:17:57] [Server thread/INFO]:   |    |__)   LuckPerms v5.5.21
[01:17:57] [Server thread/INFO]:   |___ |      Running on Bukkit - Paper
[01:17:57] [Server thread/INFO]: 
[01:17:57] [Server thread/INFO]: [LuckPerms] Loading storage provider... [H2]
[01:17:57] [Server thread/INFO]: [LuckPerms] Loading internal permission managers...
[01:17:57] [Server thread/INFO]: [LuckPerms] Performing initial data load...
[01:17:57] [Server thread/INFO]: [LuckPerms] Successfully enabled. (took 882ms)
[01:17:57] [Server thread/WARN]: **** SERVER IS RUNNING IN OFFLINE/INSECURE MODE!
[01:17:57] [Server thread/WARN]: The server will make no attempt to authenticate usernames. Beware.
[01:17:57] [Server thread/WARN]: While this makes the game possible to play without internet access, it also opens up the ability for hackers to connect with any username they choose.
[01:17:57] [Server thread/WARN]: To change this, set "online-mode" to "true" in the server.properties file.
[01:17:57] [Server thread/INFO]: Preparing level "world"
[01:17:58] [Server thread/INFO]: Loading 0 persistent chunks for world 'minecraft:overworld'...
[01:17:58] [Server thread/INFO]: Prepared spawn area in 0 ms
[01:17:58] [Server thread/INFO]: Loading 0 persistent chunks for world 'minecraft:the_nether'...
[01:17:58] [Server thread/INFO]: Prepared spawn area in 0 ms
[01:17:58] [Server thread/INFO]: Loading 0 persistent chunks for world 'minecraft:the_end'...
[01:17:58] [Server thread/INFO]: Prepared spawn area in 0 ms
[01:17:58] [Server thread/INFO]: Done preparing level "world" (1.007s)
[01:17:58] [Server thread/INFO]: [Essentials] Enabling Essentials v2.22.0-dev+48-b0ef568
[01:17:59] [Server thread/WARN]: [Essentials] Version mismatch! Please update EssentialsSpawn to the same version.
[01:17:59] [Server thread/INFO]: [Essentials] Attempting to convert old kits in config.yml to new kits.yml
[01:17:59] [Server thread/INFO]: [Essentials] No kits found to migrate.
[01:17:59] [Server thread/INFO]: [Essentials] Selected 1.21.4+ Sync Commands Provider as the provider for SyncCommandsProvider
[01:17:59] [Server thread/INFO]: [Essentials] Selected Paper Tick Count Provider as the provider for TickCountProvider
[01:17:59] [Server thread/INFO]: [Essentials] Selected Paper Material Tag Provider as the provider for MaterialTagProvider
[01:17:59] [Server thread/INFO]: [Essentials] Selected 1.14+ Sign Data Provider as the provider for SignDataProvider
[01:17:59] [Server thread/INFO]: [Essentials] Selected 1.21+ InventoryView Interface ABI Provider as the provider for InventoryViewProvider
[01:17:59] [Server thread/INFO]: [Essentials] Selected 1.17.1+ World Info Provider as the provider for WorldInfoProvider
[01:17:59] [Server thread/INFO]: [Essentials] Selected 1.11+ Item Unbreakable Provider as the provider for ItemUnbreakableProvider
[01:17:59] [Server thread/INFO]: [Essentials] Selected 1.12+ Spawner Block Provider as the provider for SpawnerBlockProvider
[01:17:59] [Server thread/INFO]: [Essentials] Selected Paper Known Commands Provider as the provider for KnownCommandsProvider
[01:17:59] [Server thread/INFO]: [Essentials] Selected 1.12.2+ Player Locale Provider as the provider for PlayerLocaleProvider
[01:17:59] [Server thread/INFO]: [Essentials] Selected Paper Server State Provider as the provider for ServerStateProvider
[01:17:59] [Server thread/INFO]: [Essentials] Selected 1.13+ Spawn Egg Provider as the provider for SpawnEggProvider
[01:17:59] [Server thread/INFO]: [Essentials] Selected Legacy Biome Name Provider as the provider for BiomeNameProvider
[01:17:59] [Server thread/INFO]: [Essentials] Selected Reflection Formatted Command Alias Provider as the provider for FormattedCommandAliasProvider
[01:17:59] [Server thread/INFO]: [Essentials] Selected 1.8.3+ Spawner Item Provider as the provider for SpawnerItemProvider
[01:17:59] [Server thread/INFO]: [Essentials] Selected Paper Container Provider as the provider for ContainerProvider
[01:17:59] [Server thread/INFO]: [Essentials] Selected 1.20.4+ Damage Event Provider as the provider for DamageEventProvider
[01:17:59] [Server thread/INFO]: [Essentials] Selected Paper Biome Key Provider as the provider for BiomeKeyProvider
[01:17:59] [Server thread/INFO]: [Essentials] Selected 1.20.6+ Potion Meta Provider as the provider for PotionMetaProvider
[01:17:59] [Server thread/INFO]: [Essentials] Selected 1.20.5+ Banner Data Provider as the provider for BannerDataProvider
[01:17:59] [Server thread/INFO]: [Essentials] Selected Reflection Online Mode Provider as the provider for OnlineModeProvider
[01:17:59] [Server thread/INFO]: [Essentials] Selected 1.14.4+ Persistent Data Container Provider as the provider for PersistentDataProvider
[01:17:59] [Server thread/INFO]: [Essentials] Selected Paper Serialization Provider as the provider for SerializationProvider
[01:17:59] [Server thread/INFO]: [Essentials] Loaded 46309 items from items.json.
[01:17:59] [Server thread/INFO]: [Essentials] Using locale en
[01:18:00] [Server thread/INFO]: [Essentials] ServerListPingEvent: Spigot iterator API
[01:18:00] [Server thread/INFO]: [Essentials] Starting Metrics. Opt-out using the global bStats config.
[01:18:00] [Server thread/WARN]: [Essentials] Detected supported permissions plugin LuckPerms without Vault installed.
[01:18:00] [Server thread/WARN]: [Essentials] Features such as chat prefixes/suffixes and group-related functionality will not work until you install Vault.
[01:18:00] [Server thread/INFO]: [Essentials] Using superperms-based permissions.
[01:18:00] [Server thread/INFO]: [EssentialsSpawn] Enabling EssentialsSpawn v2.21.2
[01:18:00] [Server thread/WARN]: [EssentialsSpawn] Version mismatch! Please update all Essentials jars to the same version.
[01:18:00] [Server thread/INFO]: [EssentialsSpawn] Starting Metrics. Opt-out using the global bStats config.
[01:18:00] [Server thread/INFO]: [spark] Starting background profiler...
[01:18:00] [Server thread/INFO]: Running delayed init tasks
[01:18:00] [Craft Scheduler Thread - 3 - Essentials/INFO]: [Essentials] Fetching version information...
[01:18:00] [Server thread/INFO]: Done (13.720s)! For help, type "help"
[01:18:25] [User Authenticator #0/INFO]: UUID of player Marcosam3000 is 46179e3d-fbf3-34ff-b2cf-12fbd3ad9a5a
[01:18:25] [Server thread/INFO]: [HorriblePlayerLoginEventHack] You have plugins listening to the PlayerLoginEvent, this will cause re-configuration APIs to be unavailable: [LuckPerms]
[01:18:28] [Server thread/INFO]: Marcosam3000 joined the game
[01:18:28] [Server thread/INFO]: Marcosam3000[/127.5.198.6:37889] logged in with entity id 1 at ([world]-8140.754130713168, 71.0, -8443.477718369602)
[01:18:28] [User Authenticator #0/INFO]: UUID of player LuKaG2 is 17ca85f1-3e66-3891-95b3-0ef53304978d
[01:18:31] [Server thread/INFO]: LuKaG2 joined the game
[01:18:31] [Server thread/INFO]: LuKaG2[/127.116.233.78:57651] logged in with entity id 42 at ([world]2752.8256889858276, 69.5875, -1548.1077680811673)
[01:19:30] [Server thread/INFO]: Marcosam3000 issued server command: /tpa l
[01:19:35] [Server thread/INFO]: LuKaG2 issued server command: /tpaccept
[01:23:40] [Server thread/INFO]: Villager Villager['Nitwit'/829, uuid='ad749275-5628-49f3-842b-ca8d47536a23', l='ServerLevel[world_nether]', x=109.28, y=63.19, z=-190.78, cpos=[6, -12], tl=4673, v=true] died, message: 'Nitwit suffocated in a wall'
[01:25:36] [Server thread/WARN]: Oak Boat (vehicle of LuKaG2) moved wrongly! 0.8581191090189009
[01:25:36] [Server thread/WARN]: Oak Boat (vehicle of LuKaG2) moved wrongly! 1.8857098761882867
[01:25:36] [Server thread/WARN]: Oak Boat (vehicle of LuKaG2) moved wrongly! 2.868146352643322
[01:25:36] [Server thread/WARN]: Oak Boat (vehicle of LuKaG2) moved wrongly! 3.8620501871959334
[01:25:36] [Server thread/WARN]: Oak Boat (vehicle of LuKaG2) moved wrongly! 4.8667429597135765
[01:25:36] [Server thread/WARN]: Oak Boat (vehicle of LuKaG2) moved wrongly! 0.6772062731806443
[01:25:36] [Server thread/WARN]: Oak Boat (vehicle of LuKaG2) moved wrongly! 0.6451450011077497
[01:25:49] [Server thread/INFO]: Villager Villager['Fletcher'/2608, uuid='b0a53c75-e867-4049-953a-abaf5e404f4d', l='ServerLevel[world]', x=127.35, y=-13.47, z=-705.33, cpos=[7, -45], tl=78, v=true] died, message: 'Fletcher suffocated in a wall'
[01:26:06] [Server thread/INFO]: Marcosam3000 lost connection: Disconnected
[01:26:06] [Server thread/INFO]: Marcosam3000 left the game
[01:26:08] [User Authenticator #1/INFO]: UUID of player Marcosam3000 is 46179e3d-fbf3-34ff-b2cf-12fbd3ad9a5a
[01:26:09] [Server thread/INFO]: Marcosam3000 joined the game
[01:26:09] [Server thread/INFO]: Marcosam3000[/127.5.198.6:48387] logged in with entity id 2675 at ([world]131.53576412396458, -16.0, -702.4308864428408)
[01:27:13] [Server thread/INFO]: Marcosam3000 issued server command: /home
[01:27:47] [Server thread/INFO]: Marcosam3000 issued server command: /tpa l
[01:27:49] [Server thread/INFO]: LuKaG2 issued server command: /tpaccept
[01:28:43] [Server thread/INFO]: LuKaG2 drowned
[01:28:53] [Server thread/WARN]: LuKaG2 was kicked for floating too long!
[01:28:53] [Server thread/INFO]: LuKaG2 lost connection: Flying is not enabled on this server
[01:28:54] [Server thread/INFO]: LuKaG2 left the game
[01:28:57] [User Authenticator #2/INFO]: UUID of player LuKaG2 is 17ca85f1-3e66-3891-95b3-0ef53304978d
[01:28:58] [Server thread/INFO]: LuKaG2 joined the game
[01:28:58] [Server thread/INFO]: LuKaG2[/127.116.233.78:39573] logged in with entity id 3577 at ([world]118.97594331623583, 74.03377225291028, -780.1452501211531)
[01:29:02] [Server thread/WARN]: LuKaG2 moved wrongly!
[01:29:06] [Server thread/WARN]: LuKaG2 was kicked for floating too long!
[01:29:06] [Server thread/INFO]: LuKaG2 lost connection: Flying is not enabled on this server
[01:29:06] [Server thread/INFO]: LuKaG2 left the game
[01:29:11] [User Authenticator #2/INFO]: UUID of player LuKaG2 is 17ca85f1-3e66-3891-95b3-0ef53304978d
[01:29:12] [Server thread/INFO]: LuKaG2 joined the game
[01:29:12] [Server thread/INFO]: LuKaG2[/127.116.233.78:52953] logged in with entity id 3610 at ([world]119.32188435990841, 71.01076469814373, -775.2575102365381)
[01:29:14] [Server thread/WARN]: LuKaG2 moved wrongly!
[01:29:15] [Server thread/WARN]: LuKaG2 moved wrongly!
[01:30:21] [Server thread/WARN]: LuKaG2 moved wrongly!
[01:32:19] [Server thread/INFO]: LuKaG2 issued server command: /tpa Marcosam3000
[01:32:26] [Server thread/INFO]: LuKaG2 lost connection: Disconnected
[01:32:26] [Server thread/INFO]: LuKaG2 left the game
[01:35:50] [Server thread/INFO]: Marcosam3000 lost connection: Disconnected
[01:35:50] [Server thread/INFO]: Marcosam3000 left the game
[01:35:53] [Server thread/INFO]: Stopping the server
[01:35:53] [Server thread/INFO]: Stopping server
[01:35:53] [Server thread/INFO]: [EssentialsSpawn] Disabling EssentialsSpawn v2.21.2
[01:35:53] [Server thread/INFO]: [Essentials] Disabling Essentials v2.22.0-dev+48-b0ef568
[01:35:53] [Server thread/INFO]: [LuckPerms] Disabling LuckPerms v5.5.21
[01:35:53] [Server thread/INFO]: [LuckPerms] Starting shutdown process...
[01:35:53] [Server thread/INFO]: [LuckPerms] Closing storage...
[01:35:53] [Server thread/INFO]: [LuckPerms] Goodbye!
[01:35:53] [Server thread/INFO]: Saving players
[01:35:53] [Server thread/INFO]: Saving worlds
[01:35:53] [Server thread/INFO]: Saving chunks for level 'ServerLevel[world]'/minecraft:overworld
[01:35:53] [Server thread/INFO]: [ChunkHolderManager] Waiting 60s for chunk system to halt for world 'world'
[01:35:53] [Server thread/INFO]: [ChunkHolderManager] Halted chunk system for world 'world'
[01:35:53] [Server thread/INFO]: [ChunkHolderManager] Saving all chunkholders for world 'world'
[01:35:53] [Server thread/INFO]: [ChunkHolderManager] Saved 0 block chunks, 0 entity chunks, 0 poi chunks in world 'world' in 0.00s
[01:35:53] [Server thread/INFO]: [ChunkHolderManager] Waiting 60s for chunk I/O to halt for world 'world'
[01:35:53] [Server thread/INFO]: [ChunkHolderManager] Halted I/O scheduler for world 'world'
[01:35:53] [Server thread/INFO]: Saving chunks for level 'ServerLevel[world_nether]'/minecraft:the_nether
[01:35:53] [Server thread/INFO]: [ChunkHolderManager] Waiting 60s for chunk system to halt for world 'world_nether'
[01:35:53] [Server thread/INFO]: [ChunkHolderManager] Halted chunk system for world 'world_nether'
[01:35:53] [Server thread/INFO]: [ChunkHolderManager] Saving all chunkholders for world 'world_nether'
[01:35:53] [Server thread/INFO]: [ChunkHolderManager] Saved 440 block chunks, 522 entity chunks, 0 poi chunks in world 'world_nether' in 0.50s
[01:35:53] [Server thread/INFO]: [ChunkHolderManager] Waiting 60s for chunk I/O to halt for world 'world_nether'
[01:35:53] [Server thread/INFO]: [ChunkHolderManager] Halted I/O scheduler for world 'world_nether'
[01:35:53] [Server thread/INFO]: Saving chunks for level 'ServerLevel[world_the_end]'/minecraft:the_end
[01:35:53] [Server thread/INFO]: [ChunkHolderManager] Waiting 60s for chunk system to halt for world 'world_the_end'
[01:35:53] [Server thread/INFO]: [ChunkHolderManager] Halted chunk system for world 'world_the_end'
[01:35:53] [Server thread/INFO]: [ChunkHolderManager] Saving all chunkholders for world 'world_the_end'
[01:35:53] [Server thread/INFO]: [ChunkHolderManager] Saved 0 block chunks, 0 entity chunks, 0 poi chunks in world 'world_the_end' in 0.00s
[01:35:53] [Server thread/INFO]: [ChunkHolderManager] Waiting 60s for chunk I/O to halt for world 'world_the_end'
[01:35:53] [Server thread/INFO]: [ChunkHolderManager] Halted I/O scheduler for world 'world_the_end'
[01:35:53] [Server thread/INFO]: ThreadedAnvilChunkStorage (world): All chunks are saved
[01:35:53] [Server thread/INFO]: ThreadedAnvilChunkStorage (DIM-1): All chunks are saved
[01:35:53] [Server thread/INFO]: ThreadedAnvilChunkStorage (DIM1): All chunks are saved
[01:35:53] [Server thread/INFO]: ThreadedAnvilChunkStorage: All dimensions are saved
[01:35:53] [Server thread/INFO]: Waiting for all RegionFile I/O tasks to complete...
[01:35:53] [Server thread/INFO]: All RegionFile I/O tasks to complete
[01:35:53] [Server thread/INFO]: [MoonriseCommon] Awaiting termination of worker pool for up to 60s...
[01:35:53] [Server thread/INFO]: [MoonriseCommon] Awaiting termination of I/O pool for up to 60s...
